<?xml version="1.0" encoding="UTF-8"?>
<!-- Generated by org.testng.reporters.JUnitXMLReporter -->
<testsuite hostname="SBN-PF16FXJC-FA-ITS-L" ignored="0" name="Test" tests="3" failures="0" timestamp="2020-06-01T22:15:53 EDT" time="115.489" errors="0">
  <testcase name="basePageNavigation" time="18.327" classname="Academy.ValidateNavigationBar"/>
  <testcase name="basePageNavigation" time="22.995" classname="Academy.ValidateTitle"/>
  <testcase name="basePageNavigation" time="46.772" classname="Academy.HomePage"/>
</testsuite> <!-- Test -->
