<?xml version="1.0" encoding="UTF-8"?>
<!-- Generated by org.testng.reporters.JUnitXMLReporter -->
<testsuite hostname="SBN-PF16FXJC-FA-ITS-L" ignored="0" name="Test" tests="3" failures="0" timestamp="2020-06-02T08:38:53 EDT" time="126.157" errors="0">
  <testcase name="basePageNavigation" time="31.563" classname="Academy.ValidateNavigationBar"/>
  <testcase name="basePageNavigation" time="21.054" classname="Academy.ValidateTitle"/>
  <testcase name="basePageNavigation" time="45.051" classname="Academy.HomePage"/>
</testsuite> <!-- Test -->
