<?xml version="1.0" encoding="UTF-8"?>
<!-- Generated by org.testng.reporters.JUnitXMLReporter -->
<testsuite hostname="SBN-PF16FXJC-FA-ITS-L" ignored="0" name="Validating User Login" tests="3" failures="0" timestamp="2020-06-10T08:27:08 EDT" time="74.651" errors="0">
  <testcase name="basePageNavigation" time="55.138" classname="Academy.ValidateTitle"/>
  <testcase name="basePageNavigation" time="64.107" classname="Academy.ValidateNavigationBar"/>
  <testcase name="basePageNavigation" time="74.613" classname="Academy.HomePage"/>
</testsuite> <!-- Validating User Login -->
